----------------------------------------
ActivityId: 00000000-0000-0000-0000-000000000000

Timestamp: 11-01-2021 17:03:09

Message: HandlingInstanceID: db4f0b90-fd6f-4c26-86b2-0a5361793697
An exception of type 'System.NullReferenceException' occurred and was caught.
-----------------------------------------------------------------------------
01/11/2021 22:33:09
Type : System.NullReferenceException, mscorlib, Version=4.0.0.0, Culture=neutral, PublicKeyToken=b77a5c561934e089
Message : Object reference not set to an instance of an object.
Source : Telerik.Sitefinity
Help link : 
Data : System.Collections.ListDictionaryInternal
TargetSite : Void VerifySectionRegistered(System.Type, System.String)
HResult : -2147467261
Stack Trace :    at Telerik.Sitefinity.Configuration.Config.VerifySectionRegistered(Type sectionType, String sectionName)
   at Telerik.Sitefinity.Configuration.Config.GetSectionInternal(Type sectionType, Boolean safeMode, String sectionName)
   at Telerik.Sitefinity.Configuration.Config.GetSectionPrivate(Type sectionType, Boolean safeMode, String sectionName)
   at Telerik.Sitefinity.Configuration.Config.GetSectionPrivate[TSection](Boolean safeMode)
   at Telerik.Sitefinity.Localization.ResourceManager.get_ProvidersSettings()
   at Telerik.Sitefinity.Data.ManagerBase`1.GetProvidersSettings()
   at Telerik.Sitefinity.Data.ManagerBase`1.Initialize()

Additional Info:

MachineName : DESKTOP-JTTJE4J
TimeStamp : 11-01-2021 17:03:09
FullName : Telerik.Sitefinity.Utilities, Version=11.0.6701.0, Culture=neutral, PublicKeyToken=b28c218413bdf563
AppDomainName : 70f9388d-1-132548581292396425
ThreadIdentity : DESKTOP-JTTJE4J\HP
WindowsIdentity : DESKTOP-JTTJE4J\HP


Category: ErrorLog

Priority: 0

EventId: 90030

Severity: Error

Title:Enterprise Library Exception Handling

Machine: DESKTOP-JTTJE4J

App Domain: 70f9388d-1-132548581292396425

ProcessId: 18048

Process Name: C:\Program Files (x86)\Microsoft Visual Studio\2019\Community\Common7\IDE\Microsoft.VisualStudio.Web.Host.exe

Thread Name: 

Win32 ThreadId:9976

Extended Properties: 
----------------------------------------
----------------------------------------
ActivityId: 00000000-0000-0000-0000-000000000000

Timestamp: 11-01-2021 17:03:10

Message: HandlingInstanceID: 878bc619-acad-41a9-9ef3-e748e0dd7e88
An exception of type 'System.NullReferenceException' occurred and was caught.
-----------------------------------------------------------------------------
01/11/2021 22:33:10
Type : System.NullReferenceException, mscorlib, Version=4.0.0.0, Culture=neutral, PublicKeyToken=b77a5c561934e089
Message : Object reference not set to an instance of an object.
Source : Unity_ILEmit_DynamicClasses
Help link : 
Data : System.Collections.ListDictionaryInternal
TargetSite : Void Initialize(System.String, System.Collections.Specialized.NameValueCollection, System.Type)
HResult : -2147467261
Stack Trace :    at DynamicModule.ns.Wrapped_OpenAccessMetaDataProvider_cf3be9d22e7548a2b933cc88f1e191ec.Initialize(String providerName, NameValueCollection config, Type managerType)
   at Telerik.Sitefinity.Data.ManagerBase`1.InstantiateProvider(IDataProviderSettings providerSettings, Type providerType, ExceptionPolicyName policy, Type managerType)

Additional Info:

MachineName : DESKTOP-JTTJE4J
TimeStamp : 11-01-2021 17:03:10
FullName : Telerik.Sitefinity.Utilities, Version=11.0.6701.0, Culture=neutral, PublicKeyToken=b28c218413bdf563
AppDomainName : 70f9388d-1-132548581292396425
ThreadIdentity : DESKTOP-JTTJE4J\HP
WindowsIdentity : DESKTOP-JTTJE4J\HP


Category: ErrorLog

Priority: 0

EventId: 9010

Severity: Warning

Title:Enterprise Library Exception Handling

Machine: DESKTOP-JTTJE4J

App Domain: 70f9388d-1-132548581292396425

ProcessId: 18048

Process Name: C:\Program Files (x86)\Microsoft Visual Studio\2019\Community\Common7\IDE\Microsoft.VisualStudio.Web.Host.exe

Thread Name: 

Win32 ThreadId:9976

Extended Properties: 
----------------------------------------
----------------------------------------
ActivityId: 00000000-0000-0000-0000-000000000000

Timestamp: 11-01-2021 17:03:10

Message: HandlingInstanceID: aa49e10b-0c05-4161-b973-5172d74760e0
An exception of type 'System.NullReferenceException' occurred and was caught.
-----------------------------------------------------------------------------
01/11/2021 22:33:10
Type : System.NullReferenceException, mscorlib, Version=4.0.0.0, Culture=neutral, PublicKeyToken=b77a5c561934e089
Message : Object reference not set to an instance of an object.
Source : Unity_ILEmit_DynamicClasses
Help link : 
Data : System.Collections.ListDictionaryInternal
TargetSite : Void Initialize(System.String, System.Collections.Specialized.NameValueCollection, System.Type)
HResult : -2147467261
Stack Trace :    at DynamicModule.ns.Wrapped_OpenAccessMetaDataProvider_cf3be9d22e7548a2b933cc88f1e191ec.Initialize(String providerName, NameValueCollection config, Type managerType)
   at Telerik.Sitefinity.Data.ManagerBase`1.InstantiateProvider(IDataProviderSettings providerSettings, Type providerType, ExceptionPolicyName policy, Type managerType)

Additional Info:

MachineName : DESKTOP-JTTJE4J
TimeStamp : 11-01-2021 17:03:10
FullName : Telerik.Sitefinity.Utilities, Version=11.0.6701.0, Culture=neutral, PublicKeyToken=b28c218413bdf563
AppDomainName : 70f9388d-1-132548581292396425
ThreadIdentity : DESKTOP-JTTJE4J\HP
WindowsIdentity : DESKTOP-JTTJE4J\HP


Category: ErrorLog

Priority: 0

EventId: 90030

Severity: Error

Title:Enterprise Library Exception Handling

Machine: DESKTOP-JTTJE4J

App Domain: 70f9388d-1-132548581292396425

ProcessId: 18048

Process Name: C:\Program Files (x86)\Microsoft Visual Studio\2019\Community\Common7\IDE\Microsoft.VisualStudio.Web.Host.exe

Thread Name: 

Win32 ThreadId:9976

Extended Properties: 
----------------------------------------
----------------------------------------
ActivityId: 00000000-0000-0000-0000-000000000000

Timestamp: 11-01-2021 17:03:10

Message: HandlingInstanceID: bff2333c-fb39-4dde-a526-bbcffeb4038b
An exception of type 'System.NullReferenceException' occurred and was caught.
-----------------------------------------------------------------------------
01/11/2021 22:33:10
Type : System.NullReferenceException, mscorlib, Version=4.0.0.0, Culture=neutral, PublicKeyToken=b77a5c561934e089
Message : Object reference not set to an instance of an object.
Source : Unity_ILEmit_DynamicClasses
Help link : 
Data : System.Collections.ListDictionaryInternal
TargetSite : Void Initialize(System.String, System.Collections.Specialized.NameValueCollection, System.Type)
HResult : -2147467261
Stack Trace :    at DynamicModule.ns.Wrapped_OpenAccessMetaDataProvider_cf3be9d22e7548a2b933cc88f1e191ec.Initialize(String providerName, NameValueCollection config, Type managerType)
   at Telerik.Sitefinity.Data.ManagerBase`1.InstantiateProvider(IDataProviderSettings providerSettings, Type providerType, ExceptionPolicyName policy, Type managerType)

Additional Info:

MachineName : DESKTOP-JTTJE4J
TimeStamp : 11-01-2021 17:03:10
FullName : Telerik.Sitefinity.Utilities, Version=11.0.6701.0, Culture=neutral, PublicKeyToken=b28c218413bdf563
AppDomainName : 70f9388d-1-132548581292396425
ThreadIdentity : DESKTOP-JTTJE4J\HP
WindowsIdentity : DESKTOP-JTTJE4J\HP


Category: ErrorLog

Priority: 0

EventId: 90030

Severity: Error

Title:Enterprise Library Exception Handling

Machine: DESKTOP-JTTJE4J

App Domain: 70f9388d-1-132548581292396425

ProcessId: 18048

Process Name: C:\Program Files (x86)\Microsoft Visual Studio\2019\Community\Common7\IDE\Microsoft.VisualStudio.Web.Host.exe

Thread Name: 

Win32 ThreadId:9976

Extended Properties: 
----------------------------------------
----------------------------------------
ActivityId: 00000000-0000-0000-0000-000000000000

Timestamp: 11-01-2021 17:29:06

Message: HandlingInstanceID: ba4c7f9c-60f7-467c-9c8c-f064b0701286
An exception of type 'System.NullReferenceException' occurred and was caught.
-----------------------------------------------------------------------------
01/11/2021 22:59:06
Type : System.NullReferenceException, mscorlib, Version=4.0.0.0, Culture=neutral, PublicKeyToken=b77a5c561934e089
Message : Object reference not set to an instance of an object.
Source : Telerik.Sitefinity
Help link : 
Data : System.Collections.ListDictionaryInternal
TargetSite : Void VerifySectionRegistered(System.Type, System.String)
HResult : -2147467261
Stack Trace :    at Telerik.Sitefinity.Configuration.Config.VerifySectionRegistered(Type sectionType, String sectionName)
   at Telerik.Sitefinity.Configuration.Config.GetSectionInternal(Type sectionType, Boolean safeMode, String sectionName)
   at Telerik.Sitefinity.Configuration.Config.GetSectionPrivate(Type sectionType, Boolean safeMode, String sectionName)
   at Telerik.Sitefinity.Configuration.Config.GetSectionPrivate[TSection](Boolean safeMode)
   at Telerik.Sitefinity.Localization.ResourceManager.get_ProvidersSettings()
   at Telerik.Sitefinity.Data.ManagerBase`1.GetProvidersSettings()
   at Telerik.Sitefinity.Data.ManagerBase`1.Initialize()

Additional Info:

MachineName : DESKTOP-JTTJE4J
TimeStamp : 11-01-2021 17:29:06
FullName : Telerik.Sitefinity.Utilities, Version=13.2.7500.0, Culture=neutral, PublicKeyToken=b28c218413bdf563
AppDomainName : 70f9388d-11-132548596917036949
ThreadIdentity : DESKTOP-JTTJE4J\HP
WindowsIdentity : DESKTOP-JTTJE4J\HP


Category: ErrorLog

Priority: 0

EventId: 90030

Severity: Error

Title:Enterprise Library Exception Handling

Machine: DESKTOP-JTTJE4J

App Domain: 70f9388d-11-132548596917036949

ProcessId: 18048

Process Name: C:\Program Files (x86)\Microsoft Visual Studio\2019\Community\Common7\IDE\Microsoft.VisualStudio.Web.Host.exe

Thread Name: 

Win32 ThreadId:260

Extended Properties: 
----------------------------------------
----------------------------------------
ActivityId: 00000000-0000-0000-0000-000000000000

Timestamp: 11-01-2021 17:29:47

Message: HandlingInstanceID: 18491b6b-09c4-480b-b802-1fd5f437e4c1
An exception of type 'System.TypeInitializationException' occurred and was caught.
----------------------------------------------------------------------------------
01/11/2021 22:59:47
Type : System.TypeInitializationException, mscorlib, Version=4.0.0.0, Culture=neutral, PublicKeyToken=b77a5c561934e089
Message : The type initializer for 'Telerik.Sitefinity.Localization.Res' threw an exception.
Source : Telerik.Sitefinity
Help link : 
TypeName : Telerik.Sitefinity.Localization.Res
Data : System.Collections.ListDictionaryInternal
TargetSite : T Get[T]()
HResult : -2146233036
Stack Trace :    at Telerik.Sitefinity.Localization.Res.Get[T]()
   at Telerik.Sitefinity.Security.SecurityExtensions.IsGranted(ISecuredObject item, String permissionSet, Guid[] principals, Int32 actions, IOwnership actualOwnerObject)
   at Telerik.Sitefinity.Security.SecurityExtensions.Demand(ISecuredObject item, String permissionSet, Guid[] principals, Int32 actions, IOwnership actualOwnerObject)
   at Telerik.Sitefinity.Security.SecuredObjectExtensions.Demand(ISecuredObject securedObject, String permissionSetName, String[] actions)
   at Telerik.Sitefinity.Configuration.ConfigProvider.DemandManagePermission()
   at Telerik.Sitefinity.Configuration.Data.XmlConfigProvider.SaveSection(ConfigSection section)
   at Telerik.Sitefinity.Configuration.ConfigManager.SaveSection(ConfigSection section)
   at Telerik.Sitefinity.Data.OA.OpenAccessConnection.ExecutePostInitializationUpgradeScripts()

Additional Info:

MachineName : DESKTOP-JTTJE4J
TimeStamp : 11-01-2021 17:29:47
FullName : Telerik.Sitefinity.Utilities, Version=13.2.7500.0, Culture=neutral, PublicKeyToken=b28c218413bdf563
AppDomainName : 70f9388d-11-132548596917036949
ThreadIdentity : DESKTOP-JTTJE4J\HP
WindowsIdentity : DESKTOP-JTTJE4J\HP
	Inner Exception
	---------------
	Type : System.NullReferenceException, mscorlib, Version=4.0.0.0, Culture=neutral, PublicKeyToken=b77a5c561934e089
	Message : Object reference not set to an instance of an object.
	Source : Telerik.Sitefinity
	Help link : 
	Data : System.Collections.ListDictionaryInternal
	TargetSite : Void VerifySectionRegistered(System.Type, System.String)
	HResult : -2147467261
	Stack Trace :    at Telerik.Sitefinity.Configuration.Config.VerifySectionRegistered(Type sectionType, String sectionName)
	   at Telerik.Sitefinity.Configuration.Config.GetSectionInternal(Type sectionType, Boolean safeMode, String sectionName)
	   at Telerik.Sitefinity.Configuration.Config.GetSectionPrivate(Type sectionType, Boolean safeMode, String sectionName)
	   at Telerik.Sitefinity.Configuration.Config.GetSectionPrivate[TSection](Boolean safeMode)
	   at Telerik.Sitefinity.Localization.ResourceManager.get_ProvidersSettings()
	   at Telerik.Sitefinity.Data.ManagerBase`1.GetProvidersSettings()
	   at Telerik.Sitefinity.Data.ManagerBase`1.Initialize()
	   at Telerik.Sitefinity.Data.ManagerBase`1..ctor(String providerName, String transactionName)
	   at Telerik.Sitefinity.Localization.ResourceManager..ctor()
	   at Telerik.Sitefinity.Localization.Res..cctor()



Category: ErrorLog

Priority: 0

EventId: 9010

Severity: Warning

Title:Enterprise Library Exception Handling

Machine: DESKTOP-JTTJE4J

App Domain: 70f9388d-11-132548596917036949

ProcessId: 18048

Process Name: C:\Program Files (x86)\Microsoft Visual Studio\2019\Community\Common7\IDE\Microsoft.VisualStudio.Web.Host.exe

Thread Name: 

Win32 ThreadId:260

Extended Properties: 
----------------------------------------
----------------------------------------
ActivityId: 00000000-0000-0000-0000-000000000000

Timestamp: 11-01-2021 17:29:47

Message: HandlingInstanceID: 1a2de856-e43f-494c-89fd-d34ff0973c0f
An exception of type 'System.InvalidOperationException' occurred and was caught.
--------------------------------------------------------------------------------
01/11/2021 22:59:47
Type : System.InvalidOperationException, mscorlib, Version=4.0.0.0, Culture=neutral, PublicKeyToken=b77a5c561934e089
Message : The collection is read only.
Source : Telerik.Sitefinity
Help link : 
Data : System.Collections.ListDictionaryInternal
TargetSite : Void InsertItem(Int32, TProvider)
HResult : -2146233079
Stack Trace :    at Telerik.Sitefinity.Abstractions.ProvidersCollection`1.InsertItem(Int32 index, TProvider item)
   at System.Collections.ObjectModel.Collection`1.Add(T item)
   at Telerik.Sitefinity.Data.ManagerBase`1.InstantiateProviders(IEnumerable`1 configProviders, ManagerBase`1 manager)
   at Telerik.Sitefinity.Data.ManagerBase`1.Initialize()

Additional Info:

MachineName : DESKTOP-JTTJE4J
TimeStamp : 11-01-2021 17:29:47
FullName : Telerik.Sitefinity.Utilities, Version=13.2.7500.0, Culture=neutral, PublicKeyToken=b28c218413bdf563
AppDomainName : 70f9388d-11-132548596917036949
ThreadIdentity : DESKTOP-JTTJE4J\HP
WindowsIdentity : DESKTOP-JTTJE4J\HP


Category: ErrorLog

Priority: 0

EventId: 90030

Severity: Error

Title:Enterprise Library Exception Handling

Machine: DESKTOP-JTTJE4J

App Domain: 70f9388d-11-132548596917036949

ProcessId: 18048

Process Name: C:\Program Files (x86)\Microsoft Visual Studio\2019\Community\Common7\IDE\Microsoft.VisualStudio.Web.Host.exe

Thread Name: 

Win32 ThreadId:260

Extended Properties: 
----------------------------------------
----------------------------------------
ActivityId: 00000000-0000-0000-0000-000000000000

Timestamp: 12-01-2021 16:06:14

Message: HandlingInstanceID: 6817177d-9ab2-4ade-9029-e0c7c8201a4d
An exception of type 'System.Threading.ThreadAbortException' occurred and was caught.
-------------------------------------------------------------------------------------
01/12/2021 21:36:14
Type : System.Threading.ThreadAbortException, mscorlib, Version=4.0.0.0, Culture=neutral, PublicKeyToken=b77a5c561934e089
Message : Thread was being aborted.
Source : Unity_ILEmit_DynamicClasses
Help link : 
ExceptionState : 
Data : System.Collections.ListDictionaryInternal
TargetSite : Telerik.Microsoft.Practices.Unity.InterceptionExtension.IMethodReturn <Initialize_DelegateImplementation>__53(Telerik.Microsoft.Practices.Unity.InterceptionExtension.IMethodInvocation, Telerik.Microsoft.Practices.Unity.InterceptionExtension.GetNextInterceptionBehaviorDelegate)
HResult : -2146233040
Stack Trace :    at DynamicModule.ns.Wrapped_OpenAccessMetaDataProvider_4e9723d1c7a542558840cf90762c21f5.<Initialize_DelegateImplementation>__53(IMethodInvocation inputs, GetNextInterceptionBehaviorDelegate getNext)
   at Telerik.Microsoft.Practices.Unity.InterceptionExtension.PolicyInjectionBehavior.<>c__DisplayClass3_0.<Invoke>b__0(IMethodInvocation policyInjectionInput, GetNextHandlerDelegate policyInjectionInputGetNext)
   at Telerik.Microsoft.Practices.Unity.InterceptionExtension.HandlerPipeline.Invoke(IMethodInvocation input, InvokeHandlerDelegate target)
   at Telerik.Microsoft.Practices.Unity.InterceptionExtension.PolicyInjectionBehavior.Invoke(IMethodInvocation input, GetNextInterceptionBehaviorDelegate getNext)
   at Telerik.Microsoft.Practices.Unity.InterceptionExtension.InterceptionBehaviorPipeline.Invoke(IMethodInvocation input, InvokeInterceptionBehaviorDelegate target)
   at DynamicModule.ns.Wrapped_OpenAccessMetaDataProvider_4e9723d1c7a542558840cf90762c21f5.Initialize(String providerName, NameValueCollection config, Type managerType)
   at Telerik.Sitefinity.Data.ManagerBase`1.InstantiateProvider(IDataProviderSettings providerSettings, Type providerType, ExceptionPolicyName policy, Type managerType)

Additional Info:

MachineName : DESKTOP-JTTJE4J
TimeStamp : 12-01-2021 16:06:14
FullName : Telerik.Sitefinity.Utilities, Version=13.2.7500.0, Culture=neutral, PublicKeyToken=b28c218413bdf563
AppDomainName : /LM/W3SVC/2/ROOT-1-132549410767742753
ThreadIdentity : 
WindowsIdentity : DESKTOP-JTTJE4J\HP
Requested URL : http://127.0.0.1/


Category: ErrorLog

Priority: 0

EventId: 9010

Severity: Warning

Title:Enterprise Library Exception Handling

Machine: DESKTOP-JTTJE4J

App Domain: /LM/W3SVC/2/ROOT-1-132549410767742753

ProcessId: 12868

Process Name: C:\Program Files (x86)\IIS Express\iisexpress.exe

Thread Name: 

Win32 ThreadId:19868

Extended Properties: 
----------------------------------------
----------------------------------------
ActivityId: 00000000-0000-0000-0000-000000000000

Timestamp: 12-01-2021 16:06:14

Message: HandlingInstanceID: 8fbcaefb-f80f-4634-8f55-ef60e8d07d78
An exception of type 'System.Threading.ThreadAbortException' occurred and was caught.
-------------------------------------------------------------------------------------
01/12/2021 21:36:14
Type : System.Threading.ThreadAbortException, mscorlib, Version=4.0.0.0, Culture=neutral, PublicKeyToken=b77a5c561934e089
Message : Thread was being aborted.
Source : Telerik.Sitefinity
Help link : 
ExceptionState : 
Data : System.Collections.ListDictionaryInternal
TargetSite : TProviderBase InstantiateProvider(Telerik.Sitefinity.Configuration.IDataProviderSettings, System.Type, Telerik.Sitefinity.Abstractions.ExceptionPolicyName, System.Type)
HResult : -2146233040
Stack Trace :    at Telerik.Sitefinity.Data.ManagerBase`1.InstantiateProvider(IDataProviderSettings providerSettings, Type providerType, ExceptionPolicyName policy, Type managerType)
   at Telerik.Sitefinity.Data.ManagerBase`1.InstantiateProvider(IDataProviderSettings providerSettings, ExceptionPolicyName policy, Type managerType)
   at Telerik.Sitefinity.Data.ManagerBase`1.InstantiateProviders(IEnumerable`1 configProviders, ManagerBase`1 manager)
   at Telerik.Sitefinity.Data.ManagerBase`1.Initialize()

Additional Info:

MachineName : DESKTOP-JTTJE4J
TimeStamp : 12-01-2021 16:06:14
FullName : Telerik.Sitefinity.Utilities, Version=13.2.7500.0, Culture=neutral, PublicKeyToken=b28c218413bdf563
AppDomainName : /LM/W3SVC/2/ROOT-1-132549410767742753
ThreadIdentity : 
WindowsIdentity : DESKTOP-JTTJE4J\HP
Requested URL : http://127.0.0.1/


Category: ErrorLog

Priority: 0

EventId: 90030

Severity: Error

Title:Enterprise Library Exception Handling

Machine: DESKTOP-JTTJE4J

App Domain: /LM/W3SVC/2/ROOT-1-132549410767742753

ProcessId: 12868

Process Name: C:\Program Files (x86)\IIS Express\iisexpress.exe

Thread Name: 

Win32 ThreadId:19868

Extended Properties: 
----------------------------------------
----------------------------------------
ActivityId: 00000000-0000-0000-0000-000000000000

Timestamp: 12-01-2021 16:06:14

Message: Timestamp: 12-01-2021 16:06:14
Message: System.Threading.ThreadAbortException: Thread was being aborted.
   at System.RuntimeTypeHandle.CreateInstance(RuntimeType type, Boolean publicOnly, Boolean noCheck, Boolean& canBeCached, RuntimeMethodHandleInternal& ctor, Boolean& bNeedSecurityCheck)
   at System.RuntimeType.CreateInstanceSlow(Boolean publicOnly, Boolean skipCheckThis, Boolean fillCache, StackCrawlMark& stackMark)
   at System.RuntimeType.CreateInstanceDefaultCtor(Boolean publicOnly, Boolean skipCheckThis, Boolean fillCache, StackCrawlMark& stackMark)
   at System.Activator.CreateInstance[T]()
   at Telerik.Sitefinity.Data.ManagerBase`1.GetManager[T](String providerName, String transactionName)
   at Telerik.Sitefinity.Services.SystemManager.Initialize()
   at Telerik.Sitefinity.Abstractions.Bootstrapper.RegisterRoutes()
   at Telerik.Sitefinity.Abstractions.Bootstrapper.Bootstrap()
   at Telerik.Sitefinity.Web.SitefinityHttpModule.<>c.<BootstrapAsync>b__4_0(Object ctx)
Category: 
Priority: -1
EventId: 0
Severity: Critical
Title:
Machine: DESKTOP-JTTJE4J
App Domain: /LM/W3SVC/2/ROOT-1-132549410767742753
ProcessId: 12868
Process Name: C:\Program Files (x86)\IIS Express\iisexpress.exe
Thread Name: 
Win32 ThreadId:19868
Extended Properties: 

Category: ErrorLog

Priority: -1

EventId: 1

Severity: Information

Title:

Machine: DESKTOP-JTTJE4J

App Domain: /LM/W3SVC/2/ROOT-1-132549410767742753

ProcessId: 12868

Process Name: C:\Program Files (x86)\IIS Express\iisexpress.exe

Thread Name: 

Win32 ThreadId:19868

Extended Properties: 
----------------------------------------
----------------------------------------
ActivityId: 00000000-0000-0000-0000-000000000000

Timestamp: 12-01-2021 16:10:17

Message: HandlingInstanceID: ed431be4-072c-4cad-841d-e1d207a7d03d
An exception of type 'Telerik.Microsoft.Practices.Unity.ResolutionFailedException' occurred and was caught.
-----------------------------------------------------------------------------------------------------------
01/12/2021 21:40:17
Type : Telerik.Microsoft.Practices.Unity.ResolutionFailedException, Telerik.Sitefinity.Utilities, Version=13.2.7500.0, Culture=neutral, PublicKeyToken=b28c218413bdf563
Message : Resolution of the dependency failed, type = "Telerik.Sitefinity.Taxonomies.Data.OpenAccessTaxonomyProvider", name = "(none)".
Exception occurred while: while resolving.
Exception is: ThreadAbortException - Thread was being aborted.
-----------------------------------------------
At the time of the exception, the container was:

  Resolving Telerik.Sitefinity.Taxonomies.Data.OpenAccessTaxonomyProvider,(none)

Source : Telerik.Sitefinity.Utilities
Help link : 
TypeRequested : OpenAccessTaxonomyProvider
NameRequested : 
Data : System.Collections.ListDictionaryInternal
TargetSite : System.Object DoBuildUp(System.Type, System.Object, System.String, System.Collections.Generic.IEnumerable`1[Telerik.Microsoft.Practices.Unity.ResolverOverride])
HResult : -2146233088
Stack Trace :    at Telerik.Microsoft.Practices.Unity.UnityContainer.DoBuildUp(Type t, Object existing, String name, IEnumerable`1 resolverOverrides)
   at Telerik.Microsoft.Practices.Unity.UnityContainer.Resolve(Type t, String name, ResolverOverride[] resolverOverrides)
   at Telerik.Sitefinity.Abstractions.ObjectFactory.Resolve(Type type)
   at Telerik.Sitefinity.Data.ManagerBase`1.ResolveProvider(Type type)
   at Telerik.Sitefinity.Data.ManagerBase`1.InstantiateProvider(IDataProviderSettings providerSettings, Type providerType, ExceptionPolicyName policy, Type managerType)

Additional Info:

MachineName : DESKTOP-JTTJE4J
TimeStamp : 12-01-2021 16:10:17
FullName : Telerik.Sitefinity.Utilities, Version=13.2.7500.0, Culture=neutral, PublicKeyToken=b28c218413bdf563
AppDomainName : /LM/W3SVC/2/ROOT-1-132549413473933991
ThreadIdentity : 
WindowsIdentity : DESKTOP-JTTJE4J\HP
Requested URL : http://127.0.0.1/
	Inner Exception
	---------------
	Type : System.Threading.ThreadAbortException, mscorlib, Version=4.0.0.0, Culture=neutral, PublicKeyToken=b77a5c561934e089
	Message : Thread was being aborted.
	Source : mscorlib
	Help link : 
	ExceptionState : 
	Data : System.Collections.ListDictionaryInternal
	TargetSite : Int32 GetMemberRefOfMethodInfo(System.Reflection.RuntimeModule, Int32, System.IRuntimeMethodInfo)
	HResult : -2146233040
	Stack Trace :    at System.Reflection.Emit.ModuleBuilder.GetMemberRefOfMethodInfo(RuntimeModule module, Int32 tr, IRuntimeMethodInfo method)
	   at System.Reflection.Emit.ModuleBuilder.GetMemberRefOfMethodInfo(Int32 tr, RuntimeMethodInfo method)
	   at System.Reflection.Emit.ModuleBuilder.GetMethodTokenNoLock(MethodInfo method, Boolean getGenericTypeDefinition)
	   at System.Reflection.Emit.ModuleBuilder.GetMethodTokenInternal(MethodInfo method)
	   at System.Reflection.Emit.ModuleBuilder.GetMethodTokenInternal(MethodBase method, IEnumerable`1 optionalParameterTypes, Boolean useMethodDef)
	   at System.Reflection.Emit.ILGenerator.GetMethodToken(MethodBase method, Type[] optionalParameterTypes, Boolean useMethodDef)
	   at System.Reflection.Emit.ILGenerator.EmitCall(OpCode opcode, MethodInfo methodInfo, Type[] optionalParameterTypes)
	   at System.Reflection.Emit.ILGenerator.Emit(OpCode opcode, MethodInfo meth)
	   at Telerik.Microsoft.Practices.Unity.InterceptionExtension.MethodOverride.CreateMethodOverride(MethodBuilder delegateMethod)
	   at Telerik.Microsoft.Practices.Unity.InterceptionExtension.InterceptingClassGenerator.OverridePropertyMethod(MethodInfo method, Int32 count)
	   at Telerik.Microsoft.Practices.Unity.InterceptionExtension.InterceptingClassGenerator.AddProperties()
	   at Telerik.Microsoft.Practices.Unity.InterceptionExtension.InterceptingClassGenerator.GenerateType()
	   at Telerik.Microsoft.Practices.Unity.InterceptionExtension.VirtualMethodInterceptor.CreateProxyType(Type t, Type[] additionalInterfaces)
	   at Telerik.Microsoft.Practices.Unity.InterceptionExtension.TypeInterceptionStrategy.PreBuildUp(IBuilderContext context)
	   at Telerik.Microsoft.Practices.ObjectBuilder2.StrategyChain.ExecuteBuildUp(IBuilderContext context)
	   at Telerik.Microsoft.Practices.Unity.UnityContainer.DoBuildUp(Type t, Object existing, String name, IEnumerable`1 resolverOverrides)



Category: ErrorLog

Priority: 0

EventId: 9010

Severity: Warning

Title:Enterprise Library Exception Handling

Machine: DESKTOP-JTTJE4J

App Domain: /LM/W3SVC/2/ROOT-1-132549413473933991

ProcessId: 20368

Process Name: C:\Program Files (x86)\IIS Express\iisexpress.exe

Thread Name: 

Win32 ThreadId:11656

Extended Properties: 
----------------------------------------
----------------------------------------
ActivityId: 00000000-0000-0000-0000-000000000000

Timestamp: 12-01-2021 16:10:17

Message: HandlingInstanceID: 1c61fcd7-4fc8-4d06-b6b9-7cf4cb0c5386
An exception of type 'System.Threading.ThreadAbortException' occurred and was caught.
-------------------------------------------------------------------------------------
01/12/2021 21:40:17
Type : System.Threading.ThreadAbortException, mscorlib, Version=4.0.0.0, Culture=neutral, PublicKeyToken=b77a5c561934e089
Message : Thread was being aborted.
Source : Telerik.Sitefinity
Help link : 
ExceptionState : 
Data : System.Collections.ListDictionaryInternal
TargetSite : TProviderBase InstantiateProvider(Telerik.Sitefinity.Configuration.IDataProviderSettings, System.Type, Telerik.Sitefinity.Abstractions.ExceptionPolicyName, System.Type)
HResult : -2146233040
Stack Trace :    at Telerik.Sitefinity.Data.ManagerBase`1.InstantiateProvider(IDataProviderSettings providerSettings, Type providerType, ExceptionPolicyName policy, Type managerType)
   at Telerik.Sitefinity.Data.ManagerBase`1.InstantiateProvider(IDataProviderSettings providerSettings, ExceptionPolicyName policy, Type managerType)
   at Telerik.Sitefinity.Data.ManagerBase`1.InstantiateProviders(IEnumerable`1 configProviders, ManagerBase`1 manager)
   at Telerik.Sitefinity.Data.ManagerBase`1.Initialize()

Additional Info:

MachineName : DESKTOP-JTTJE4J
TimeStamp : 12-01-2021 16:10:17
FullName : Telerik.Sitefinity.Utilities, Version=13.2.7500.0, Culture=neutral, PublicKeyToken=b28c218413bdf563
AppDomainName : /LM/W3SVC/2/ROOT-1-132549413473933991
ThreadIdentity : 
WindowsIdentity : DESKTOP-JTTJE4J\HP
Requested URL : http://127.0.0.1/


Category: ErrorLog

Priority: 0

EventId: 90030

Severity: Error

Title:Enterprise Library Exception Handling

Machine: DESKTOP-JTTJE4J

App Domain: /LM/W3SVC/2/ROOT-1-132549413473933991

ProcessId: 20368

Process Name: C:\Program Files (x86)\IIS Express\iisexpress.exe

Thread Name: 

Win32 ThreadId:11656

Extended Properties: 
----------------------------------------
----------------------------------------
ActivityId: 00000000-0000-0000-0000-000000000000

Timestamp: 12-01-2021 16:10:17

Message: Timestamp: 12-01-2021 16:10:17
Message: Telerik.Microsoft.Practices.Unity.ResolutionFailedException: Resolution of the dependency failed, type = "Telerik.Sitefinity.Abstractions.SiteInitializer", name = "(none)".
Exception occurred while: Calling constructor Telerik.Sitefinity.Abstractions.SiteInitializer().
Exception is: ThreadAbortException - Thread was being aborted.
-----------------------------------------------
At the time of the exception, the container was:

  Resolving Telerik.Sitefinity.Abstractions.SiteInitializer,(none)
  Calling constructor Telerik.Sitefinity.Abstractions.SiteInitializer()
 ---> System.Threading.ThreadAbortException: Thread was being aborted.
   at System.RuntimeTypeHandle.CreateInstance(RuntimeType type, Boolean publicOnly, Boolean noCheck, Boolean& canBeCached, RuntimeMethodHandleInternal& ctor, Boolean& bNeedSecurityCheck)
   at System.RuntimeType.CreateInstanceSlow(Boolean publicOnly, Boolean skipCheckThis, Boolean fillCache, StackCrawlMark& stackMark)
   at System.RuntimeType.CreateInstanceDefaultCtor(Boolean publicOnly, Boolean skipCheckThis, Boolean fillCache, StackCrawlMark& stackMark)
   at System.Activator.CreateInstance[T]()
   at Telerik.Sitefinity.Data.ManagerBase`1.GetManager[T](String providerName, String transactionName)
   at Telerik.Sitefinity.Abstractions.SiteInitializer..ctor(String transactionName, InstallContext installContext)
   at BuildUp_Telerik.Sitefinity.Abstractions.SiteInitializer(IBuilderContext )
   at Telerik.Microsoft.Practices.ObjectBuilder2.DynamicMethodBuildPlan.BuildUp(IBuilderContext context)
   at Telerik.Microsoft.Practices.ObjectBuilder2.BuildPlanStrategy.PreBuildUp(IBuilderContext context)
   at Telerik.Microsoft.Practices.ObjectBuilder2.StrategyChain.ExecuteBuildUp(IBuilderContext context)
   at Telerik.Microsoft.Practices.Unity.UnityContainer.DoBuildUp(Type t, Object existing, String name, IEnumerable`1 resolverOverrides)
   --- End of inner exception stack trace ---
   at Telerik.Microsoft.Practices.Unity.UnityContainer.DoBuildUp(Type t, Object existing, String name, IEnumerable`1 resolverOverrides)
   at Telerik.Microsoft.Practices.Unity.UnityContainer.Resolve(Type t, String name, ResolverOverride[] resolverOverrides)
   at Telerik.Microsoft.Practices.Unity.UnityContainerExtensions.Resolve[T](IUnityContainer container, ResolverOverride[] overrides)
   at Telerik.Sitefinity.Abstractions.SiteInitializer.GetInitializer()
   at Telerik.Sitefinity.Services.SystemManager.Initialize()
   at Telerik.Sitefinity.Abstractions.Bootstrapper.RegisterRoutes()
   at Telerik.Sitefinity.Abstractions.Bootstrapper.Bootstrap()
   at Telerik.Sitefinity.Web.SitefinityHttpModule.<>c.<BootstrapAsync>b__4_0(Object ctx)
Category: 
Priority: -1
EventId: 0
Severity: Critical
Title:
Machine: DESKTOP-JTTJE4J
App Domain: /LM/W3SVC/2/ROOT-1-132549413473933991
ProcessId: 20368
Process Name: C:\Program Files (x86)\IIS Express\iisexpress.exe
Thread Name: 
Win32 ThreadId:11656
Extended Properties: 

Category: ErrorLog

Priority: -1

EventId: 1

Severity: Information

Title:

Machine: DESKTOP-JTTJE4J

App Domain: /LM/W3SVC/2/ROOT-1-132549413473933991

ProcessId: 20368

Process Name: C:\Program Files (x86)\IIS Express\iisexpress.exe

Thread Name: 

Win32 ThreadId:11656

Extended Properties: 
----------------------------------------
----------------------------------------
ActivityId: 00000000-0000-0000-0000-000000000000

Timestamp: 12-01-2021 16:21:31

Message: HandlingInstanceID: b5b801ad-0d91-42a9-bae2-9b29c4748200
An exception of type 'System.Threading.ThreadAbortException' occurred and was caught.
-------------------------------------------------------------------------------------
01/12/2021 21:51:31
Type : System.Threading.ThreadAbortException, mscorlib, Version=4.0.0.0, Culture=neutral, PublicKeyToken=b77a5c561934e089
Message : Thread was being aborted.
Source : Unity_ILEmit_DynamicClasses
Help link : 
ExceptionState : 
Data : System.Collections.ListDictionaryInternal
TargetSite : Telerik.Microsoft.Practices.Unity.InterceptionExtension.IMethodReturn <Initialize_DelegateImplementation>__41(Telerik.Microsoft.Practices.Unity.InterceptionExtension.IMethodInvocation, Telerik.Microsoft.Practices.Unity.InterceptionExtension.GetNextInterceptionBehaviorDelegate)
HResult : -2146233040
Stack Trace :    at DynamicModule.ns.Wrapped_OpenAccessTaxonomyProvider_614adc44964941e7a36194c8b0e5dba7.<Initialize_DelegateImplementation>__41(IMethodInvocation inputs, GetNextInterceptionBehaviorDelegate getNext)
   at Telerik.Microsoft.Practices.Unity.InterceptionExtension.PolicyInjectionBehavior.<>c__DisplayClass3_0.<Invoke>b__0(IMethodInvocation policyInjectionInput, GetNextHandlerDelegate policyInjectionInputGetNext)
   at Telerik.Microsoft.Practices.Unity.InterceptionExtension.HandlerPipeline.Invoke(IMethodInvocation input, InvokeHandlerDelegate target)
   at Telerik.Microsoft.Practices.Unity.InterceptionExtension.PolicyInjectionBehavior.Invoke(IMethodInvocation input, GetNextInterceptionBehaviorDelegate getNext)
   at Telerik.Microsoft.Practices.Unity.InterceptionExtension.InterceptionBehaviorPipeline.Invoke(IMethodInvocation input, InvokeInterceptionBehaviorDelegate target)
   at DynamicModule.ns.Wrapped_OpenAccessTaxonomyProvider_614adc44964941e7a36194c8b0e5dba7.Initialize(String providerName, NameValueCollection config, Type managerType)
   at Telerik.Sitefinity.Data.ManagerBase`1.InstantiateProvider(IDataProviderSettings providerSettings, Type providerType, ExceptionPolicyName policy, Type managerType)

Additional Info:

MachineName : DESKTOP-JTTJE4J
TimeStamp : 12-01-2021 16:21:31
FullName : Telerik.Sitefinity.Utilities, Version=13.2.7500.0, Culture=neutral, PublicKeyToken=b28c218413bdf563
AppDomainName : /LM/W3SVC/2/ROOT-1-132549420195346248
ThreadIdentity : 
WindowsIdentity : DESKTOP-JTTJE4J\HP
Requested URL : http://127.0.0.1/


Category: ErrorLog

Priority: 0

EventId: 9010

Severity: Warning

Title:Enterprise Library Exception Handling

Machine: DESKTOP-JTTJE4J

App Domain: /LM/W3SVC/2/ROOT-1-132549420195346248

ProcessId: 9976

Process Name: C:\Program Files (x86)\IIS Express\iisexpress.exe

Thread Name: 

Win32 ThreadId:19272

Extended Properties: 
----------------------------------------
----------------------------------------
ActivityId: 00000000-0000-0000-0000-000000000000

Timestamp: 12-01-2021 16:21:31

Message: HandlingInstanceID: 77fd6f48-72df-4831-8b30-48c5bac8392f
An exception of type 'System.Threading.ThreadAbortException' occurred and was caught.
-------------------------------------------------------------------------------------
01/12/2021 21:51:31
Type : System.Threading.ThreadAbortException, mscorlib, Version=4.0.0.0, Culture=neutral, PublicKeyToken=b77a5c561934e089
Message : Thread was being aborted.
Source : Telerik.Sitefinity
Help link : 
ExceptionState : 
Data : System.Collections.ListDictionaryInternal
TargetSite : TProviderBase InstantiateProvider(Telerik.Sitefinity.Configuration.IDataProviderSettings, System.Type, Telerik.Sitefinity.Abstractions.ExceptionPolicyName, System.Type)
HResult : -2146233040
Stack Trace :    at Telerik.Sitefinity.Data.ManagerBase`1.InstantiateProvider(IDataProviderSettings providerSettings, Type providerType, ExceptionPolicyName policy, Type managerType)
   at Telerik.Sitefinity.Data.ManagerBase`1.InstantiateProvider(IDataProviderSettings providerSettings, ExceptionPolicyName policy, Type managerType)
   at Telerik.Sitefinity.Data.ManagerBase`1.InstantiateProviders(IEnumerable`1 configProviders, ManagerBase`1 manager)
   at Telerik.Sitefinity.Data.ManagerBase`1.Initialize()

Additional Info:

MachineName : DESKTOP-JTTJE4J
TimeStamp : 12-01-2021 16:21:31
FullName : Telerik.Sitefinity.Utilities, Version=13.2.7500.0, Culture=neutral, PublicKeyToken=b28c218413bdf563
AppDomainName : /LM/W3SVC/2/ROOT-1-132549420195346248
ThreadIdentity : 
WindowsIdentity : DESKTOP-JTTJE4J\HP
Requested URL : http://127.0.0.1/


Category: ErrorLog

Priority: 0

EventId: 90030

Severity: Error

Title:Enterprise Library Exception Handling

Machine: DESKTOP-JTTJE4J

App Domain: /LM/W3SVC/2/ROOT-1-132549420195346248

ProcessId: 9976

Process Name: C:\Program Files (x86)\IIS Express\iisexpress.exe

Thread Name: 

Win32 ThreadId:19272

Extended Properties: 
----------------------------------------
----------------------------------------
ActivityId: 00000000-0000-0000-0000-000000000000

Timestamp: 12-01-2021 16:21:31

Message: Timestamp: 12-01-2021 16:21:31
Message: Telerik.Microsoft.Practices.Unity.ResolutionFailedException: Resolution of the dependency failed, type = "Telerik.Sitefinity.Abstractions.SiteInitializer", name = "(none)".
Exception occurred while: Calling constructor Telerik.Sitefinity.Abstractions.SiteInitializer().
Exception is: ThreadAbortException - Thread was being aborted.
-----------------------------------------------
At the time of the exception, the container was:

  Resolving Telerik.Sitefinity.Abstractions.SiteInitializer,(none)
  Calling constructor Telerik.Sitefinity.Abstractions.SiteInitializer()
 ---> System.Threading.ThreadAbortException: Thread was being aborted.
   at System.RuntimeTypeHandle.CreateInstance(RuntimeType type, Boolean publicOnly, Boolean noCheck, Boolean& canBeCached, RuntimeMethodHandleInternal& ctor, Boolean& bNeedSecurityCheck)
   at System.RuntimeType.CreateInstanceSlow(Boolean publicOnly, Boolean skipCheckThis, Boolean fillCache, StackCrawlMark& stackMark)
   at System.RuntimeType.CreateInstanceDefaultCtor(Boolean publicOnly, Boolean skipCheckThis, Boolean fillCache, StackCrawlMark& stackMark)
   at System.Activator.CreateInstance[T]()
   at Telerik.Sitefinity.Data.ManagerBase`1.GetManager[T](String providerName, String transactionName)
   at Telerik.Sitefinity.Abstractions.SiteInitializer..ctor(String transactionName, InstallContext installContext)
   at BuildUp_Telerik.Sitefinity.Abstractions.SiteInitializer(IBuilderContext )
   at Telerik.Microsoft.Practices.ObjectBuilder2.DynamicMethodBuildPlan.BuildUp(IBuilderContext context)
   at Telerik.Microsoft.Practices.ObjectBuilder2.BuildPlanStrategy.PreBuildUp(IBuilderContext context)
   at Telerik.Microsoft.Practices.ObjectBuilder2.StrategyChain.ExecuteBuildUp(IBuilderContext context)
   at Telerik.Microsoft.Practices.Unity.UnityContainer.DoBuildUp(Type t, Object existing, String name, IEnumerable`1 resolverOverrides)
   --- End of inner exception stack trace ---
   at Telerik.Microsoft.Practices.Unity.UnityContainer.DoBuildUp(Type t, Object existing, String name, IEnumerable`1 resolverOverrides)
   at Telerik.Microsoft.Practices.Unity.UnityContainer.Resolve(Type t, String name, ResolverOverride[] resolverOverrides)
   at Telerik.Microsoft.Practices.Unity.UnityContainerExtensions.Resolve[T](IUnityContainer container, ResolverOverride[] overrides)
   at Telerik.Sitefinity.Abstractions.SiteInitializer.GetInitializer()
   at Telerik.Sitefinity.Services.SystemManager.Initialize()
   at Telerik.Sitefinity.Abstractions.Bootstrapper.RegisterRoutes()
   at Telerik.Sitefinity.Abstractions.Bootstrapper.Bootstrap()
   at Telerik.Sitefinity.Web.SitefinityHttpModule.<>c.<BootstrapAsync>b__4_0(Object ctx)
Category: 
Priority: -1
EventId: 0
Severity: Critical
Title:
Machine: DESKTOP-JTTJE4J
App Domain: /LM/W3SVC/2/ROOT-1-132549420195346248
ProcessId: 9976
Process Name: C:\Program Files (x86)\IIS Express\iisexpress.exe
Thread Name: 
Win32 ThreadId:19272
Extended Properties: 

Category: ErrorLog

Priority: -1

EventId: 1

Severity: Information

Title:

Machine: DESKTOP-JTTJE4J

App Domain: /LM/W3SVC/2/ROOT-1-132549420195346248

ProcessId: 9976

Process Name: C:\Program Files (x86)\IIS Express\iisexpress.exe

Thread Name: 

Win32 ThreadId:19272

Extended Properties: 
----------------------------------------
----------------------------------------
ActivityId: 00000000-0000-0000-0000-000000000000

Timestamp: 12-01-2021 16:32:18

Message: HandlingInstanceID: 714ddb10-0912-4741-80e0-5c8c4de2b96d
An exception of type 'Telerik.Microsoft.Practices.Unity.ResolutionFailedException' occurred and was caught.
-----------------------------------------------------------------------------------------------------------
01/12/2021 22:02:18
Type : Telerik.Microsoft.Practices.Unity.ResolutionFailedException, Telerik.Sitefinity.Utilities, Version=13.2.7500.0, Culture=neutral, PublicKeyToken=b28c218413bdf563
Message : Resolution of the dependency failed, type = "Telerik.Sitefinity.Taxonomies.Data.OpenAccessTaxonomyProvider", name = "(none)".
Exception occurred while: while resolving.
Exception is: ThreadAbortException - Thread was being aborted.
-----------------------------------------------
At the time of the exception, the container was:

  Resolving Telerik.Sitefinity.Taxonomies.Data.OpenAccessTaxonomyProvider,(none)

Source : Telerik.Sitefinity.Utilities
Help link : 
TypeRequested : OpenAccessTaxonomyProvider
NameRequested : 
Data : System.Collections.ListDictionaryInternal
TargetSite : System.Object DoBuildUp(System.Type, System.Object, System.String, System.Collections.Generic.IEnumerable`1[Telerik.Microsoft.Practices.Unity.ResolverOverride])
HResult : -2146233088
Stack Trace :    at Telerik.Microsoft.Practices.Unity.UnityContainer.DoBuildUp(Type t, Object existing, String name, IEnumerable`1 resolverOverrides)
   at Telerik.Microsoft.Practices.Unity.UnityContainer.Resolve(Type t, String name, ResolverOverride[] resolverOverrides)
   at Telerik.Sitefinity.Abstractions.ObjectFactory.Resolve(Type type)
   at Telerik.Sitefinity.Data.ManagerBase`1.ResolveProvider(Type type)
   at Telerik.Sitefinity.Data.ManagerBase`1.InstantiateProvider(IDataProviderSettings providerSettings, Type providerType, ExceptionPolicyName policy, Type managerType)

Additional Info:

MachineName : DESKTOP-JTTJE4J
TimeStamp : 12-01-2021 16:32:18
FullName : Telerik.Sitefinity.Utilities, Version=13.2.7500.0, Culture=neutral, PublicKeyToken=b28c218413bdf563
AppDomainName : /LM/W3SVC/2/ROOT-1-132549426493345741
ThreadIdentity : 
WindowsIdentity : DESKTOP-JTTJE4J\HP
Requested URL : http://127.0.0.1/
	Inner Exception
	---------------
	Type : System.Threading.ThreadAbortException, mscorlib, Version=4.0.0.0, Culture=neutral, PublicKeyToken=b77a5c561934e089
	Message : Thread was being aborted.
	Source : mscorlib
	Help link : 
	ExceptionState : 
	Data : System.Collections.ListDictionaryInternal
	TargetSite : Int32 GetTypeRef(System.Reflection.RuntimeModule, System.String, System.Reflection.RuntimeModule, System.String, Int32)
	HResult : -2146233040
	Stack Trace :    at System.Reflection.Emit.ModuleBuilder.GetTypeRef(RuntimeModule module, String strFullName, RuntimeModule refedModule, String strRefedModuleFileName, Int32 tkResolution)
	   at System.Reflection.Emit.ModuleBuilder.GetTypeRefNested(Type type, Module refedModule, String strRefedModuleFileName)
	   at System.Reflection.Emit.ModuleBuilder.GetTypeTokenWorkerNoLock(Type type, Boolean getGenericDefinition)
	   at System.Reflection.Emit.ModuleBuilder.GetTypeTokenInternal(Type type, Boolean getGenericDefinition)
	   at System.Reflection.Emit.SignatureHelper.AddOneArgTypeHelperWorker(Type clsArgument, Boolean lastWasGenericInst)
	   at System.Reflection.Emit.SignatureHelper.AddOneArgTypeHelper(Type clsArgument, Type[] requiredCustomModifiers, Type[] optionalCustomModifiers)
	   at System.Reflection.Emit.SignatureHelper.AddArgument(Type argument, Type[] requiredCustomModifiers, Type[] optionalCustomModifiers)
	   at System.Reflection.Emit.SignatureHelper.AddArguments(Type[] arguments, Type[][] requiredCustomModifiers, Type[][] optionalCustomModifiers)
	   at System.Reflection.Emit.SignatureHelper.GetMethodSigHelper(Module scope, CallingConventions callingConvention, Int32 cGenericParam, Type returnType, Type[] requiredReturnTypeCustomModifiers, Type[] optionalReturnTypeCustomModifiers, Type[] parameterTypes, Type[][] requiredParameterTypeCustomModifiers, Type[][] optionalParameterTypeCustomModifiers)
	   at System.Reflection.Emit.MethodBuilder.GetMethodSignature()
	   at System.Reflection.Emit.MethodBuilder.GetTokenNoLock()
	   at System.Reflection.Emit.MethodBuilder.GetToken()
	   at System.Reflection.Emit.ParameterBuilder..ctor(MethodBuilder methodBuilder, Int32 sequence, ParameterAttributes attributes, String strParamName)
	   at System.Reflection.Emit.MethodBuilder.DefineParameter(Int32 position, ParameterAttributes attributes, String strParamName)
	   at Telerik.Microsoft.Practices.Unity.InterceptionExtension.MethodOverride.CreateDelegateImplementation(MethodInfo callBaseMethod)
	   at Telerik.Microsoft.Practices.Unity.InterceptionExtension.InterceptingClassGenerator.AddMethods()
	   at Telerik.Microsoft.Practices.Unity.InterceptionExtension.InterceptingClassGenerator.GenerateType()
	   at Telerik.Microsoft.Practices.Unity.InterceptionExtension.VirtualMethodInterceptor.CreateProxyType(Type t, Type[] additionalInterfaces)
	   at Telerik.Microsoft.Practices.Unity.InterceptionExtension.TypeInterceptionStrategy.PreBuildUp(IBuilderContext context)
	   at Telerik.Microsoft.Practices.ObjectBuilder2.StrategyChain.ExecuteBuildUp(IBuilderContext context)
	   at Telerik.Microsoft.Practices.Unity.UnityContainer.DoBuildUp(Type t, Object existing, String name, IEnumerable`1 resolverOverrides)



Category: ErrorLog

Priority: 0

EventId: 9010

Severity: Warning

Title:Enterprise Library Exception Handling

Machine: DESKTOP-JTTJE4J

App Domain: /LM/W3SVC/2/ROOT-1-132549426493345741

ProcessId: 19048

Process Name: C:\Program Files (x86)\IIS Express\iisexpress.exe

Thread Name: 

Win32 ThreadId:16568

Extended Properties: 
----------------------------------------
----------------------------------------
ActivityId: 00000000-0000-0000-0000-000000000000

Timestamp: 12-01-2021 16:32:18

Message: HandlingInstanceID: 8c3a4c88-0591-487e-bdd6-dec709179d09
An exception of type 'System.Threading.ThreadAbortException' occurred and was caught.
-------------------------------------------------------------------------------------
01/12/2021 22:02:18
Type : System.Threading.ThreadAbortException, mscorlib, Version=4.0.0.0, Culture=neutral, PublicKeyToken=b77a5c561934e089
Message : Thread was being aborted.
Source : Telerik.Sitefinity
Help link : 
ExceptionState : 
Data : System.Collections.ListDictionaryInternal
TargetSite : TProviderBase InstantiateProvider(Telerik.Sitefinity.Configuration.IDataProviderSettings, System.Type, Telerik.Sitefinity.Abstractions.ExceptionPolicyName, System.Type)
HResult : -2146233040
Stack Trace :    at Telerik.Sitefinity.Data.ManagerBase`1.InstantiateProvider(IDataProviderSettings providerSettings, Type providerType, ExceptionPolicyName policy, Type managerType)
   at Telerik.Sitefinity.Data.ManagerBase`1.InstantiateProvider(IDataProviderSettings providerSettings, ExceptionPolicyName policy, Type managerType)
   at Telerik.Sitefinity.Data.ManagerBase`1.InstantiateProviders(IEnumerable`1 configProviders, ManagerBase`1 manager)
   at Telerik.Sitefinity.Data.ManagerBase`1.Initialize()

Additional Info:

MachineName : DESKTOP-JTTJE4J
TimeStamp : 12-01-2021 16:32:18
FullName : Telerik.Sitefinity.Utilities, Version=13.2.7500.0, Culture=neutral, PublicKeyToken=b28c218413bdf563
AppDomainName : /LM/W3SVC/2/ROOT-1-132549426493345741
ThreadIdentity : 
WindowsIdentity : DESKTOP-JTTJE4J\HP
Requested URL : http://127.0.0.1/


Category: ErrorLog

Priority: 0

EventId: 90030

Severity: Error

Title:Enterprise Library Exception Handling

Machine: DESKTOP-JTTJE4J

App Domain: /LM/W3SVC/2/ROOT-1-132549426493345741

ProcessId: 19048

Process Name: C:\Program Files (x86)\IIS Express\iisexpress.exe

Thread Name: 

Win32 ThreadId:16568

Extended Properties: 
----------------------------------------
----------------------------------------
ActivityId: 00000000-0000-0000-0000-000000000000

Timestamp: 12-01-2021 16:32:18

Message: Timestamp: 12-01-2021 16:32:18
Message: Telerik.Microsoft.Practices.Unity.ResolutionFailedException: Resolution of the dependency failed, type = "Telerik.Sitefinity.Abstractions.SiteInitializer", name = "(none)".
Exception occurred while: Calling constructor Telerik.Sitefinity.Abstractions.SiteInitializer().
Exception is: ThreadAbortException - Thread was being aborted.
-----------------------------------------------
At the time of the exception, the container was:

  Resolving Telerik.Sitefinity.Abstractions.SiteInitializer,(none)
  Calling constructor Telerik.Sitefinity.Abstractions.SiteInitializer()
 ---> System.Threading.ThreadAbortException: Thread was being aborted.
   at System.RuntimeTypeHandle.CreateInstance(RuntimeType type, Boolean publicOnly, Boolean noCheck, Boolean& canBeCached, RuntimeMethodHandleInternal& ctor, Boolean& bNeedSecurityCheck)
   at System.RuntimeType.CreateInstanceSlow(Boolean publicOnly, Boolean skipCheckThis, Boolean fillCache, StackCrawlMark& stackMark)
   at System.RuntimeType.CreateInstanceDefaultCtor(Boolean publicOnly, Boolean skipCheckThis, Boolean fillCache, StackCrawlMark& stackMark)
   at System.Activator.CreateInstance[T]()
   at Telerik.Sitefinity.Data.ManagerBase`1.GetManager[T](String providerName, String transactionName)
   at Telerik.Sitefinity.Abstractions.SiteInitializer..ctor(String transactionName, InstallContext installContext)
   at BuildUp_Telerik.Sitefinity.Abstractions.SiteInitializer(IBuilderContext )
   at Telerik.Microsoft.Practices.ObjectBuilder2.DynamicMethodBuildPlan.BuildUp(IBuilderContext context)
   at Telerik.Microsoft.Practices.ObjectBuilder2.BuildPlanStrategy.PreBuildUp(IBuilderContext context)
   at Telerik.Microsoft.Practices.ObjectBuilder2.StrategyChain.ExecuteBuildUp(IBuilderContext context)
   at Telerik.Microsoft.Practices.Unity.UnityContainer.DoBuildUp(Type t, Object existing, String name, IEnumerable`1 resolverOverrides)
   --- End of inner exception stack trace ---
   at Telerik.Microsoft.Practices.Unity.UnityContainer.DoBuildUp(Type t, Object existing, String name, IEnumerable`1 resolverOverrides)
   at Telerik.Microsoft.Practices.Unity.UnityContainer.Resolve(Type t, String name, ResolverOverride[] resolverOverrides)
   at Telerik.Microsoft.Practices.Unity.UnityContainerExtensions.Resolve[T](IUnityContainer container, ResolverOverride[] overrides)
   at Telerik.Sitefinity.Abstractions.SiteInitializer.GetInitializer()
   at Telerik.Sitefinity.Services.SystemManager.Initialize()
   at Telerik.Sitefinity.Abstractions.Bootstrapper.RegisterRoutes()
   at Telerik.Sitefinity.Abstractions.Bootstrapper.Bootstrap()
   at Telerik.Sitefinity.Web.SitefinityHttpModule.<>c.<BootstrapAsync>b__4_0(Object ctx)
Category: 
Priority: -1
EventId: 0
Severity: Critical
Title:
Machine: DESKTOP-JTTJE4J
App Domain: /LM/W3SVC/2/ROOT-1-132549426493345741
ProcessId: 19048
Process Name: C:\Program Files (x86)\IIS Express\iisexpress.exe
Thread Name: 
Win32 ThreadId:16568
Extended Properties: 

Category: ErrorLog

Priority: -1

EventId: 1

Severity: Information

Title:

Machine: DESKTOP-JTTJE4J

App Domain: /LM/W3SVC/2/ROOT-1-132549426493345741

ProcessId: 19048

Process Name: C:\Program Files (x86)\IIS Express\iisexpress.exe

Thread Name: 

Win32 ThreadId:16568

Extended Properties: 
----------------------------------------
----------------------------------------
ActivityId: 00000000-0000-0000-0000-000000000000

Timestamp: 12-01-2021 16:36:26

Message: HandlingInstanceID: c406283d-bb51-48a4-b802-d24784a1febd
An exception of type 'Telerik.Microsoft.Practices.Unity.ResolutionFailedException' occurred and was caught.
-----------------------------------------------------------------------------------------------------------
01/12/2021 22:06:26
Type : Telerik.Microsoft.Practices.Unity.ResolutionFailedException, Telerik.Sitefinity.Utilities, Version=13.2.7500.0, Culture=neutral, PublicKeyToken=b28c218413bdf563
Message : Resolution of the dependency failed, type = "Telerik.Sitefinity.Taxonomies.Data.OpenAccessTaxonomyProvider", name = "(none)".
Exception occurred while: while resolving.
Exception is: ThreadAbortException - Thread was being aborted.
-----------------------------------------------
At the time of the exception, the container was:

  Resolving Telerik.Sitefinity.Taxonomies.Data.OpenAccessTaxonomyProvider,(none)

Source : Telerik.Sitefinity.Utilities
Help link : 
TypeRequested : OpenAccessTaxonomyProvider
NameRequested : 
Data : System.Collections.ListDictionaryInternal
TargetSite : System.Object DoBuildUp(System.Type, System.Object, System.String, System.Collections.Generic.IEnumerable`1[Telerik.Microsoft.Practices.Unity.ResolverOverride])
HResult : -2146233088
Stack Trace :    at Telerik.Microsoft.Practices.Unity.UnityContainer.DoBuildUp(Type t, Object existing, String name, IEnumerable`1 resolverOverrides)
   at Telerik.Microsoft.Practices.Unity.UnityContainer.Resolve(Type t, String name, ResolverOverride[] resolverOverrides)
   at Telerik.Sitefinity.Abstractions.ObjectFactory.Resolve(Type type)
   at Telerik.Sitefinity.Data.ManagerBase`1.ResolveProvider(Type type)
   at Telerik.Sitefinity.Data.ManagerBase`1.InstantiateProvider(IDataProviderSettings providerSettings, Type providerType, ExceptionPolicyName policy, Type managerType)

Additional Info:

MachineName : DESKTOP-JTTJE4J
TimeStamp : 12-01-2021 16:36:26
FullName : Telerik.Sitefinity.Utilities, Version=13.2.7500.0, Culture=neutral, PublicKeyToken=b28c218413bdf563
AppDomainName : /LM/W3SVC/2/ROOT-1-132549429069117596
ThreadIdentity : 
WindowsIdentity : DESKTOP-JTTJE4J\HP
Requested URL : http://127.0.0.1/
	Inner Exception
	---------------
	Type : System.Threading.ThreadAbortException, mscorlib, Version=4.0.0.0, Culture=neutral, PublicKeyToken=b77a5c561934e089
	Message : Thread was being aborted.
	Source : mscorlib
	Help link : 
	ExceptionState : 
	Data : System.Collections.ListDictionaryInternal
	TargetSite : Int32 GetTypeRef(System.Reflection.RuntimeModule, System.String, System.Reflection.RuntimeModule, System.String, Int32)
	HResult : -2146233040
	Stack Trace :    at System.Reflection.Emit.ModuleBuilder.GetTypeRef(RuntimeModule module, String strFullName, RuntimeModule refedModule, String strRefedModuleFileName, Int32 tkResolution)
	   at System.Reflection.Emit.ModuleBuilder.GetTypeRefNested(Type type, Module refedModule, String strRefedModuleFileName)
	   at System.Reflection.Emit.ModuleBuilder.GetTypeTokenWorkerNoLock(Type type, Boolean getGenericDefinition)
	   at System.Reflection.Emit.ModuleBuilder.GetTypeTokenInternal(Type type, Boolean getGenericDefinition)
	   at System.Reflection.Emit.SignatureHelper.AddOneArgTypeHelperWorker(Type clsArgument, Boolean lastWasGenericInst)
	   at System.Reflection.Emit.SignatureHelper.AddOneArgTypeHelper(Type clsArgument, Type[] requiredCustomModifiers, Type[] optionalCustomModifiers)
	   at System.Reflection.Emit.SignatureHelper.AddArgument(Type argument, Type[] requiredCustomModifiers, Type[] optionalCustomModifiers)
	   at System.Reflection.Emit.SignatureHelper.AddArguments(Type[] arguments, Type[][] requiredCustomModifiers, Type[][] optionalCustomModifiers)
	   at System.Reflection.Emit.SignatureHelper.GetMethodSigHelper(Module scope, CallingConventions callingConvention, Int32 cGenericParam, Type returnType, Type[] requiredReturnTypeCustomModifiers, Type[] optionalReturnTypeCustomModifiers, Type[] parameterTypes, Type[][] requiredParameterTypeCustomModifiers, Type[][] optionalParameterTypeCustomModifiers)
	   at System.Reflection.Emit.MethodBuilder.GetMethodSignature()
	   at System.Reflection.Emit.MethodBuilder.GetTokenNoLock()
	   at System.Reflection.Emit.MethodBuilder.GetToken()
	   at System.Reflection.Emit.ParameterBuilder..ctor(MethodBuilder methodBuilder, Int32 sequence, ParameterAttributes attributes, String strParamName)
	   at System.Reflection.Emit.MethodBuilder.DefineParameter(Int32 position, ParameterAttributes attributes, String strParamName)
	   at Telerik.Microsoft.Practices.Unity.InterceptionExtension.MethodOverride.CreateDelegateImplementation(MethodInfo callBaseMethod)
	   at Telerik.Microsoft.Practices.Unity.InterceptionExtension.InterceptingClassGenerator.AddMethods()
	   at Telerik.Microsoft.Practices.Unity.InterceptionExtension.InterceptingClassGenerator.GenerateType()
	   at Telerik.Microsoft.Practices.Unity.InterceptionExtension.VirtualMethodInterceptor.CreateProxyType(Type t, Type[] additionalInterfaces)
	   at Telerik.Microsoft.Practices.Unity.InterceptionExtension.TypeInterceptionStrategy.PreBuildUp(IBuilderContext context)
	   at Telerik.Microsoft.Practices.ObjectBuilder2.StrategyChain.ExecuteBuildUp(IBuilderContext context)
	   at Telerik.Microsoft.Practices.Unity.UnityContainer.DoBuildUp(Type t, Object existing, String name, IEnumerable`1 resolverOverrides)



Category: ErrorLog

Priority: 0

EventId: 9010

Severity: Warning

Title:Enterprise Library Exception Handling

Machine: DESKTOP-JTTJE4J

App Domain: /LM/W3SVC/2/ROOT-1-132549429069117596

ProcessId: 14304

Process Name: C:\Program Files (x86)\IIS Express\iisexpress.exe

Thread Name: 

Win32 ThreadId:5124

Extended Properties: 
----------------------------------------
----------------------------------------
ActivityId: 00000000-0000-0000-0000-000000000000

Timestamp: 12-01-2021 16:36:26

Message: HandlingInstanceID: f619d61b-f355-400b-b037-7a06c994bf24
An exception of type 'System.Threading.ThreadAbortException' occurred and was caught.
-------------------------------------------------------------------------------------
01/12/2021 22:06:26
Type : System.Threading.ThreadAbortException, mscorlib, Version=4.0.0.0, Culture=neutral, PublicKeyToken=b77a5c561934e089
Message : Thread was being aborted.
Source : Telerik.Sitefinity
Help link : 
ExceptionState : 
Data : System.Collections.ListDictionaryInternal
TargetSite : TProviderBase InstantiateProvider(Telerik.Sitefinity.Configuration.IDataProviderSettings, System.Type, Telerik.Sitefinity.Abstractions.ExceptionPolicyName, System.Type)
HResult : -2146233040
Stack Trace :    at Telerik.Sitefinity.Data.ManagerBase`1.InstantiateProvider(IDataProviderSettings providerSettings, Type providerType, ExceptionPolicyName policy, Type managerType)
   at Telerik.Sitefinity.Data.ManagerBase`1.InstantiateProvider(IDataProviderSettings providerSettings, ExceptionPolicyName policy, Type managerType)
   at Telerik.Sitefinity.Data.ManagerBase`1.InstantiateProviders(IEnumerable`1 configProviders, ManagerBase`1 manager)
   at Telerik.Sitefinity.Data.ManagerBase`1.Initialize()

Additional Info:

MachineName : DESKTOP-JTTJE4J
TimeStamp : 12-01-2021 16:36:26
FullName : Telerik.Sitefinity.Utilities, Version=13.2.7500.0, Culture=neutral, PublicKeyToken=b28c218413bdf563
AppDomainName : /LM/W3SVC/2/ROOT-1-132549429069117596
ThreadIdentity : 
WindowsIdentity : DESKTOP-JTTJE4J\HP
Requested URL : http://127.0.0.1/


Category: ErrorLog

Priority: 0

EventId: 90030

Severity: Error

Title:Enterprise Library Exception Handling

Machine: DESKTOP-JTTJE4J

App Domain: /LM/W3SVC/2/ROOT-1-132549429069117596

ProcessId: 14304

Process Name: C:\Program Files (x86)\IIS Express\iisexpress.exe

Thread Name: 

Win32 ThreadId:5124

Extended Properties: 
----------------------------------------
----------------------------------------
ActivityId: 00000000-0000-0000-0000-000000000000

Timestamp: 12-01-2021 16:36:26

Message: Timestamp: 12-01-2021 16:36:26
Message: Telerik.Microsoft.Practices.Unity.ResolutionFailedException: Resolution of the dependency failed, type = "Telerik.Sitefinity.Abstractions.SiteInitializer", name = "(none)".
Exception occurred while: Calling constructor Telerik.Sitefinity.Abstractions.SiteInitializer().
Exception is: ThreadAbortException - Thread was being aborted.
-----------------------------------------------
At the time of the exception, the container was:

  Resolving Telerik.Sitefinity.Abstractions.SiteInitializer,(none)
  Calling constructor Telerik.Sitefinity.Abstractions.SiteInitializer()
 ---> System.Threading.ThreadAbortException: Thread was being aborted.
   at System.RuntimeTypeHandle.CreateInstance(RuntimeType type, Boolean publicOnly, Boolean noCheck, Boolean& canBeCached, RuntimeMethodHandleInternal& ctor, Boolean& bNeedSecurityCheck)
   at System.RuntimeType.CreateInstanceSlow(Boolean publicOnly, Boolean skipCheckThis, Boolean fillCache, StackCrawlMark& stackMark)
   at System.RuntimeType.CreateInstanceDefaultCtor(Boolean publicOnly, Boolean skipCheckThis, Boolean fillCache, StackCrawlMark& stackMark)
   at System.Activator.CreateInstance[T]()
   at Telerik.Sitefinity.Data.ManagerBase`1.GetManager[T](String providerName, String transactionName)
   at Telerik.Sitefinity.Abstractions.SiteInitializer..ctor(String transactionName, InstallContext installContext)
   at BuildUp_Telerik.Sitefinity.Abstractions.SiteInitializer(IBuilderContext )
   at Telerik.Microsoft.Practices.ObjectBuilder2.DynamicMethodBuildPlan.BuildUp(IBuilderContext context)
   at Telerik.Microsoft.Practices.ObjectBuilder2.BuildPlanStrategy.PreBuildUp(IBuilderContext context)
   at Telerik.Microsoft.Practices.ObjectBuilder2.StrategyChain.ExecuteBuildUp(IBuilderContext context)
   at Telerik.Microsoft.Practices.Unity.UnityContainer.DoBuildUp(Type t, Object existing, String name, IEnumerable`1 resolverOverrides)
   --- End of inner exception stack trace ---
   at Telerik.Microsoft.Practices.Unity.UnityContainer.DoBuildUp(Type t, Object existing, String name, IEnumerable`1 resolverOverrides)
   at Telerik.Microsoft.Practices.Unity.UnityContainer.Resolve(Type t, String name, ResolverOverride[] resolverOverrides)
   at Telerik.Microsoft.Practices.Unity.UnityContainerExtensions.Resolve[T](IUnityContainer container, ResolverOverride[] overrides)
   at Telerik.Sitefinity.Abstractions.SiteInitializer.GetInitializer()
   at Telerik.Sitefinity.Services.SystemManager.Initialize()
   at Telerik.Sitefinity.Abstractions.Bootstrapper.RegisterRoutes()
   at Telerik.Sitefinity.Abstractions.Bootstrapper.Bootstrap()
   at Telerik.Sitefinity.Web.SitefinityHttpModule.<>c.<BootstrapAsync>b__4_0(Object ctx)
Category: 
Priority: -1
EventId: 0
Severity: Critical
Title:
Machine: DESKTOP-JTTJE4J
App Domain: /LM/W3SVC/2/ROOT-1-132549429069117596
ProcessId: 14304
Process Name: C:\Program Files (x86)\IIS Express\iisexpress.exe
Thread Name: 
Win32 ThreadId:5124
Extended Properties: 

Category: ErrorLog

Priority: -1

EventId: 1

Severity: Information

Title:

Machine: DESKTOP-JTTJE4J

App Domain: /LM/W3SVC/2/ROOT-1-132549429069117596

ProcessId: 14304

Process Name: C:\Program Files (x86)\IIS Express\iisexpress.exe

Thread Name: 

Win32 ThreadId:5124

Extended Properties: 
----------------------------------------
----------------------------------------
ActivityId: 00000000-0000-0000-0000-000000000000

Timestamp: 1/12/2021 5:00:22 PM

Message: Timestamp: 1/12/2021 5:00:22 PM
Message: System.AggregateException: One or more errors occurred. ---> System.IO.FileLoadException: Could not load file or assembly 'Telerik.Sitefinity, Version=11.0.6701.0, Culture=neutral, PublicKeyToken=b28c218413bdf563' or one of its dependencies. The located assembly's manifest definition does not match the assembly reference. (Exception from HRESULT: 0x80131040) ---> System.IO.FileLoadException: Could not load file or assembly 'Telerik.Sitefinity, Version=9.1.6110.0, Culture=neutral, PublicKeyToken=b28c218413bdf563' or one of its dependencies. The located assembly's manifest definition does not match the assembly reference. (Exception from HRESULT: 0x80131040)
   --- End of inner exception stack trace ---
   at System.Reflection.RuntimeAssembly.GetExportedTypes(RuntimeAssembly assembly, ObjectHandleOnStack retTypes)
   at System.Reflection.RuntimeAssembly.GetExportedTypes()
   at Telerik.Sitefinity.Frontend.FrontendModule.GetNinjectModules(Assembly assembly)
   at Telerik.Sitefinity.Frontend.FrontendModule.InitializeDependencyResolver()
   at Telerik.Sitefinity.Frontend.FrontendModule.Load()
   at Telerik.Sitefinity.Services.SystemManager.<>c__DisplayClass99_0.<Initialize>b__0()
   at System.Threading.Tasks.Task.InnerInvoke()
   at System.Threading.Tasks.Task.Execute()
   --- End of inner exception stack trace ---
   at System.Threading.Tasks.Task.WaitAll(Task[] tasks, Int32 millisecondsTimeout, CancellationToken cancellationToken)
   at System.Threading.Tasks.Task.WaitAll(Task[] tasks, Int32 millisecondsTimeout)
   at System.Threading.Tasks.Task.WaitAll(Task[] tasks)
   at Telerik.Sitefinity.Services.SystemManager.Initialize()
   at Telerik.Sitefinity.Abstractions.Bootstrapper.RegisterRoutes()
   at Telerik.Sitefinity.Abstractions.Bootstrapper.Bootstrap()
   at Telerik.Sitefinity.Web.SitefinityHttpModule.<>c.<BootstrapAsync>b__4_0(Object ctx)
---> (Inner Exception #0) System.IO.FileLoadException: Could not load file or assembly 'Telerik.Sitefinity, Version=11.0.6701.0, Culture=neutral, PublicKeyToken=b28c218413bdf563' or one of its dependencies. The located assembly's manifest definition does not match the assembly reference. (Exception from HRESULT: 0x80131040)
File name: 'Telerik.Sitefinity, Version=11.0.6701.0, Culture=neutral, PublicKeyToken=b28c218413bdf563' ---> System.IO.FileLoadException: Could not load file or assembly 'Telerik.Sitefinity, Version=9.1.6110.0, Culture=neutral, PublicKeyToken=b28c218413bdf563' or one of its dependencies. The located assembly's manifest definition does not match the assembly reference. (Exception from HRESULT: 0x80131040)
File name: 'Telerik.Sitefinity, Version=9.1.6110.0, Culture=neutral, PublicKeyToken=b28c218413bdf563'

=== Pre-bind state information ===
LOG: DisplayName = Telerik.Sitefinity, Version=9.1.6110.0, Culture=neutral, PublicKeyToken=b28c218413bdf563
 (Fully-specified)
LOG: Appbase = file:///D:/officials/Pitamber/VolkerJohns/SEMYOU Page 5.0/
LOG: Initial PrivatePath = D:\officials\Pitamber\VolkerJohns\SEMYOU Page 5.0\bin
Calling assembly : Telerik.Sitefinity.MobileAppBuilder, Version=9.1.6110.0, Culture=neutral, PublicKeyToken=b28c218413bdf563.
===
LOG: This bind starts in default load context.
LOG: Using application configuration file: D:\officials\Pitamber\VolkerJohns\SEMYOU Page 5.0\web.config
LOG: Using host configuration file: C:\Users\HP\Documents\IISExpress\config\aspnet.config
LOG: Using machine configuration file from C:\Windows\Microsoft.NET\Framework\v4.0.30319\config\machine.config.
LOG: Redirect found in application configuration file: 9.1.6110.0 redirected to 11.0.6701.0.
LOG: Post-policy reference: Telerik.Sitefinity, Version=11.0.6701.0, Culture=neutral, PublicKeyToken=b28c218413bdf563
LOG: The same bind was seen before, and was failed with hr = 0x80131040.

   at System.Reflection.RuntimeAssembly.GetExportedTypes(RuntimeAssembly assembly, ObjectHandleOnStack retTypes)
   at System.Reflection.RuntimeAssembly.GetExportedTypes()
   at Telerik.Sitefinity.Frontend.FrontendModule.GetNinjectModules(Assembly assembly)
   at Telerik.Sitefinity.Frontend.FrontendModule.InitializeDependencyResolver()
   at Telerik.Sitefinity.Frontend.FrontendModule.Load()
   at Telerik.Sitefinity.Services.SystemManager.<>c__DisplayClass99_0.<Initialize>b__0()
   at System.Threading.Tasks.Task.InnerInvoke()
   at System.Threading.Tasks.Task.Execute()

<---

Category: 
Priority: -1
EventId: 0
Severity: Critical
Title:
Machine: DESKTOP-JTTJE4J
App Domain: /LM/W3SVC/2/ROOT-1-132549431081965107
ProcessId: 21868
Process Name: C:\Program Files (x86)\IIS Express\iisexpress.exe
Thread Name: 
Win32 ThreadId:21620
Extended Properties: 

Category: ErrorLog

Priority: -1

EventId: 1

Severity: Information

Title:

Machine: DESKTOP-JTTJE4J

App Domain: /LM/W3SVC/2/ROOT-1-132549431081965107

ProcessId: 21868

Process Name: C:\Program Files (x86)\IIS Express\iisexpress.exe

Thread Name: 

Win32 ThreadId:21620

Extended Properties: 
----------------------------------------
